Arguments: 
  C:\Program Files\nodejs\node.exe C:\Users\merturl\AppData\Roaming\npm\node_modules\yarn\bin\yarn.js install

PATH: 
  C:\Program Files\NVIDIA GPU Computing Toolkit\CUDA\v10.2\bin;C:\Program Files\NVIDIA GPU Computing Toolkit\CUDA\v10.2\libnvvp;C:\Python27\;C:\Python27\Scripts;C:\ProgramData\Anaconda3;C:\ProgramData\Anaconda3\Library\mingw-w64\bin;C:\ProgramData\Anaconda3\Library\usr\bin;C:\ProgramData\Anaconda3\Library\bin;C:\ProgramData\Anaconda3\Scripts;C:\WINDOWS\system32;C:\WINDOWS;C:\WINDOWS\System32\Wbem;C:\WINDOWS\System32\WindowsPowerShell\v1.0\;C:\WINDOWS\System32\OpenSSH\;C:\Program Files\Git\cmd;C:\Program Files\Git\mingw64\bin;C:\Program Files\Git\usr\bin;C:\Program Files\NVIDIA Corporation\NVIDIA NvDLISR;C:\Program Files (x86)\NVIDIA Corporation\PhysX\Common;C:\WINDOWS\system32;C:\WINDOWS;C:\WINDOWS\System32\Wbem;C:\WINDOWS\System32\WindowsPowerShell\v1.0\;C:\WINDOWS\System32\OpenSSH\;C:\ProgramData\chocolatey\bin;C:\TDM-GCC-64\bin;C:\Users\merturl\AppData\Roaming\nvm;C:\Program Files\nodejs;C:\Go\bin;C:\Program Files\NVIDIA Corporation\Nsight Compute 2019.5.0\;C:\Program Files\MySQL\MySQL Shell 8.0\bin\;C:\Users\merturl\AppData\Local\Programs\Microsoft VS Code\bin;C:\tutorial\bin;C:\Users\merturl\AppData\Local\Microsoft\WindowsApps;C:\Users\merturl\AppData\Roaming\npm;C:\Users\merturl\go\bin;C:\Program Files\NVIDIA GPU Computing Toolkit\CUDA\v10.2\include;C:\Program Files\NVIDIA GPU Computing Toolkit\CUDA\v10.2\lib;C:\Program Files\NVIDIA GPU Computing Toolkit\CUDA\v10.2\extras\CUPTI\lib64

Yarn version: 
  1.17.3

Node version: 
  10.16.3

Platform: 
  win32 x64

Trace: 
  SyntaxError: C:\tutorial\src\github.com\gridscroll\package.json: Unexpected token } in JSON at position 1673
      at JSON.parse (<anonymous>)
      at C:\Users\merturl\AppData\Roaming\npm\node_modules\yarn\lib\cli.js:1625:59
      at Generator.next (<anonymous>)
      at step (C:\Users\merturl\AppData\Roaming\npm\node_modules\yarn\lib\cli.js:304:30)
      at C:\Users\merturl\AppData\Roaming\npm\node_modules\yarn\lib\cli.js:315:13

npm manifest: 
  {
    "homepage": "https://merturl/github.io/chart-web-app",
    "name": "chart-web-app",
    "version": "1.0.0",
    "description": "My webpack project",
    "main": "index.js",
    "scripts": {
      "test": "echo \"Error: no test specified\" && exit 1",
      "build": "webpack --config webpack.prod.js",
      "start": "webpack-dev-server --config webpack.dev.js",
      "predeploy": "yarn build",
      "deploy": "gh-pages -d dist",
      "electron": "electron .",
      "storybook": "start-storybook -p 6006",
      "build-storybook": "build-storybook"
    },
    "author": "",
    "license": "ISC",
    "babel": {
      "presets": [
        "@babel/preset-env",
        "@babel/preset-react"
      ]
    },
    "devDependencies": {
      "@babel/core": "^7.6.4",
      "@babel/preset-env": "^7.6.3",
      "@babel/preset-react": "^7.6.3",
      "@types/axios": "^0.14.0",
      "@types/react": "^16.9.9",
      "@types/react-dom": "^16.9.2",
      "@types/styled-components": "^4.1.19",
      "babel-loader": "^8.0.6",
      "babel-plugin-syntax-dynamic-import": "^6.18.0",
      "clean-webpack-plugin": "^3.0.0",
      "css-loader": "^3.2.0",
      "gh-pages": "^2.1.1",
      "html-loader": "^0.5.5",
      "html-webpack-plugin": "^3.2.0",
      "source-map-loader": "^0.2.4",
      "style-loader": "^1.0.0",
      "ts-loader": "^6.2.0",
      "typescript": "^3.7.3",
      "typescript-plugin-styled-components": "^1.4.3",
      "webpack": "^4.41.2",
      "webpack-bundle-analyzer": "^3.6.0",
      "webpack-cli": "^3.3.9",
      "webpack-dev-server": "^3.8.2",
      "worker-plugin": "^3.2.0"
    },
    "dependencies": {
      "axios": "^0.19.0",
      "core-js": "^3.6.4",
      "react": "^16.10.2",
      "react-dom": "^16.10.2",
      "styled-components": "^4.4.0",
    }
  }

yarn manifest: 
  No manifest

Lockfile: 
  No lockfile
